app/build/intermediates/manifest_merge_blame_file/debug/processDebugMainManifest/manifest-merger-blame-debug-report.txt
1<?xml version="1.0" encoding="utf-8"?>
2<manifest xmlns:android="http://schemas.android.com/apk/res/android"
3    package="de.lobianco.saftssh.linux"
4    android:versionCode="1"
5    android:versionName="1.0" >
6
7    <uses-sdk
7-->INJECTED
8        android:minSdkVersion="26"
8-->INJECTED
9        android:targetSdkVersion="37" />
9-->INJECTED
10
11    <!--
12         Only used by the optional bootstrap downloader (BootstrapInstaller). If you bundle the
13         bootstrap zip in assets/ instead, this can be removed.
14    -->
15    <uses-permission android:name="android.permission.INTERNET" />
15-->src\main\AndroidManifest.xml:6:5-67
15-->src\main\AndroidManifest.xml:6:22-64
16
17    <!--
18        Permission that the main LobiShell app holds and is checked on service bind.
19
20        protectionLevel="normal" is intentional: both apps may be signed with different keys
21        (plugin is distributed separately / open-source, main app is closed-source commercial).
22        Using "signature" would require identical signing keys, breaking cross-signed installs.
23        The service itself is restricted to apps that explicitly hold this permission AND declare
24        it in their manifest — combined with the exported="true" + permission attribute on the
25        <service> element this is the correct approach for cross-app IPC without shared signing.
26    -->
27    <permission
27-->src\main\AndroidManifest.xml:18:5-20:44
28        android:name="de.lobianco.saftssh.linux.READ_BINARY"
28-->src\main\AndroidManifest.xml:19:9-61
29        android:protectionLevel="normal" />
29-->src\main\AndroidManifest.xml:20:9-41
30    <permission
30-->[androidx.core:core:1.19.0] AndroidManifest.xml:22:5-24:47
31        android:name="de.lobianco.saftssh.linux.DYNAMIC_RECEIVER_NOT_EXPORTED_PERMISSION"
31-->[androidx.core:core:1.19.0] AndroidManifest.xml:23:9-81
32        android:protectionLevel="signature" />
32-->[androidx.core:core:1.19.0] AndroidManifest.xml:24:9-44
33
34    <uses-permission android:name="de.lobianco.saftssh.linux.DYNAMIC_RECEIVER_NOT_EXPORTED_PERMISSION" />
34-->[androidx.core:core:1.19.0] AndroidManifest.xml:26:5-97
34-->[androidx.core:core:1.19.0] AndroidManifest.xml:26:22-94
35
36    <application
36-->src\main\AndroidManifest.xml:22:5-56:19
37        android:allowBackup="false"
37-->src\main\AndroidManifest.xml:24:9-36
38        android:appComponentFactory="androidx.core.app.CoreComponentFactory"
38-->[androidx.core:core:1.19.0] AndroidManifest.xml:28:18-86
39        android:debuggable="true"
40        android:extractNativeLibs="true"
40-->INJECTED
41        android:icon="@mipmap/ic_launcher"
41-->src\main\AndroidManifest.xml:26:9-43
42        android:label="LobiShell Linux Plugin"
42-->src\main\AndroidManifest.xml:23:9-47
43        android:supportsRtl="true"
43-->src\main\AndroidManifest.xml:25:9-35
44        android:testOnly="true" >
45
46        <!--
47            Minimal launcher activity so the APK is launchable and Play Store-acceptable.
48            Users who open this from the launcher see an informational screen; there is nothing
49            to configure here — the plugin works entirely as a bound service.
50        -->
51        <activity
51-->src\main\AndroidManifest.xml:34:9-41:20
52            android:name="de.lobianco.saftssh.linux.InfoActivity"
52-->src\main\AndroidManifest.xml:35:13-41
53            android:exported="true" >
53-->src\main\AndroidManifest.xml:36:13-36
54            <intent-filter>
54-->src\main\AndroidManifest.xml:37:13-40:29
55                <action android:name="android.intent.action.MAIN" />
55-->src\main\AndroidManifest.xml:38:17-69
55-->src\main\AndroidManifest.xml:38:25-66
56
57                <category android:name="android.intent.category.LAUNCHER" />
57-->src\main\AndroidManifest.xml:39:17-77
57-->src\main\AndroidManifest.xml:39:27-74
58            </intent-filter>
59        </activity>
60
61        <!--
62            The PTY session service. Only apps that hold READ_BINARY may bind.
63            The main LobiShell app requests this permission in its manifest.
64        -->
65        <service
65-->src\main\AndroidManifest.xml:47:9-54:19
66            android:name="de.lobianco.saftssh.linux.LinuxSessionService"
66-->src\main\AndroidManifest.xml:48:13-48
67            android:exported="true"
67-->src\main\AndroidManifest.xml:49:13-36
68            android:permission="de.lobianco.saftssh.linux.READ_BINARY" >
68-->src\main\AndroidManifest.xml:50:13-71
69            <intent-filter>
69-->src\main\AndroidManifest.xml:51:13-53:29
70                <action android:name="de.lobianco.saftssh.linux.BIND_SESSION_SERVICE" />
70-->src\main\AndroidManifest.xml:52:17-89
70-->src\main\AndroidManifest.xml:52:25-86
71            </intent-filter>
72        </service>
73
74        <provider
74-->[androidx.emoji2:emoji2:1.3.0] AndroidManifest.xml:24:9-32:20
75            android:name="androidx.startup.InitializationProvider"
75-->[androidx.emoji2:emoji2:1.3.0] AndroidManifest.xml:25:13-67
76            android:authorities="de.lobianco.saftssh.linux.androidx-startup"
76-->[androidx.emoji2:emoji2:1.3.0] AndroidManifest.xml:26:13-68
77            android:exported="false" >
77-->[androidx.emoji2:emoji2:1.3.0] AndroidManifest.xml:27:13-37
78            <meta-data
78-->[androidx.emoji2:emoji2:1.3.0] AndroidManifest.xml:29:13-31:52
79                android:name="androidx.emoji2.text.EmojiCompatInitializer"
79-->[androidx.emoji2:emoji2:1.3.0] AndroidManifest.xml:30:17-75
80                android:value="androidx.startup" />
80-->[androidx.emoji2:emoji2:1.3.0] AndroidManifest.xml:31:17-49
81            <meta-data
81-->[androidx.lifecycle:lifecycle-process:2.6.2] AndroidManifest.xml:29:13-31:52
82                android:name="androidx.lifecycle.ProcessLifecycleInitializer"
82-->[androidx.lifecycle:lifecycle-process:2.6.2] AndroidManifest.xml:30:17-78
83                android:value="androidx.startup" />
83-->[androidx.lifecycle:lifecycle-process:2.6.2] AndroidManifest.xml:31:17-49
84            <meta-data
84-->[androidx.profileinstaller:profileinstaller:1.3.1] AndroidManifest.xml:29:13-31:52
85                android:name="androidx.profileinstaller.ProfileInstallerInitializer"
85-->[androidx.profileinstaller:profileinstaller:1.3.1] AndroidManifest.xml:30:17-85
86                android:value="androidx.startup" />
86-->[androidx.profileinstaller:profileinstaller:1.3.1] AndroidManifest.xml:31:17-49
87        </provider>
88
89        <receiver
89-->[androidx.profileinstaller:profileinstaller:1.3.1] AndroidManifest.xml:34:9-52:20
90            android:name="androidx.profileinstaller.ProfileInstallReceiver"
90-->[androidx.profileinstaller:profileinstaller:1.3.1] AndroidManifest.xml:35:13-76
91            android:directBootAware="false"
91-->[androidx.profileinstaller:profileinstaller:1.3.1] AndroidManifest.xml:36:13-44
92            android:enabled="true"
92-->[androidx.profileinstaller:profileinstaller:1.3.1] AndroidManifest.xml:37:13-35
93            android:exported="true"
93-->[androidx.profileinstaller:profileinstaller:1.3.1] AndroidManifest.xml:38:13-36
94            android:permission="android.permission.DUMP" >
94-->[androidx.profileinstaller:profileinstaller:1.3.1] AndroidManifest.xml:39:13-57
95            <intent-filter>
95-->[androidx.profileinstaller:profileinstaller:1.3.1] AndroidManifest.xml:40:13-42:29
96                <action android:name="androidx.profileinstaller.action.INSTALL_PROFILE" />
96-->[androidx.profileinstaller:profileinstaller:1.3.1] AndroidManifest.xml:41:17-91
96-->[androidx.profileinstaller:profileinstaller:1.3.1] AndroidManifest.xml:41:25-88
97            </intent-filter>
98            <intent-filter>
98-->[androidx.profileinstaller:profileinstaller:1.3.1] AndroidManifest.xml:43:13-45:29
99                <action android:name="androidx.profileinstaller.action.SKIP_FILE" />
99-->[androidx.profileinstaller:profileinstaller:1.3.1] AndroidManifest.xml:44:17-85
99-->[androidx.profileinstaller:profileinstaller:1.3.1] AndroidManifest.xml:44:25-82
100            </intent-filter>
101            <intent-filter>
101-->[androidx.profileinstaller:profileinstaller:1.3.1] AndroidManifest.xml:46:13-48:29
102                <action android:name="androidx.profileinstaller.action.SAVE_PROFILE" />
102-->[androidx.profileinstaller:profileinstaller:1.3.1] AndroidManifest.xml:47:17-88
102-->[androidx.profileinstaller:profileinstaller:1.3.1] AndroidManifest.xml:47:25-85
103            </intent-filter>
104            <intent-filter>
104-->[androidx.profileinstaller:profileinstaller:1.3.1] AndroidManifest.xml:49:13-51:29
105                <action android:name="androidx.profileinstaller.action.BENCHMARK_OPERATION" />
105-->[androidx.profileinstaller:profileinstaller:1.3.1] AndroidManifest.xml:50:17-95
105-->[androidx.profileinstaller:profileinstaller:1.3.1] AndroidManifest.xml:50:25-92
106            </intent-filter>
107        </receiver>
108    </application>
109
110</manifest>